2025-08-11 17:33:13,535 - INFO - ============================================================
2025-08-11 17:33:13,537 - INFO - 📋 [현재 파일 목록] ./record_sounds 폴더
2025-08-11 17:33:13,538 - INFO - ============================================================
2025-08-11 17:33:13,539 - INFO -    📄 TEST39001-0.wav
2025-08-11 17:33:13,540 - INFO -       📊 크기: 96,300 bytes (94.0 KB)
2025-08-11 17:33:13,540 - INFO -       ⏰ 수정: 2025-08-11 17:32:37
2025-08-11 17:33:13,541 - INFO - 
2025-08-11 17:33:13,542 - INFO -    📄 TEST39001-1.wav
2025-08-11 17:33:13,543 - INFO -       📊 크기: 96,300 bytes (94.0 KB)
2025-08-11 17:33:13,544 - INFO -       ⏰ 수정: 2025-08-11 17:32:40
2025-08-11 17:33:13,545 - INFO - 
2025-08-11 17:33:13,546 - INFO -    📄 TEST39001-2.wav
2025-08-11 17:33:13,547 - INFO -       📊 크기: 96,300 bytes (94.0 KB)
2025-08-11 17:33:13,548 - INFO -       ⏰ 수정: 2025-08-11 17:32:44
2025-08-11 17:33:13,549 - INFO - 
2025-08-11 17:33:13,550 - INFO -    📄 TEST39001-3.wav
2025-08-11 17:33:13,551 - INFO -       📊 크기: 96,300 bytes (94.0 KB)
2025-08-11 17:33:13,552 - INFO -       ⏰ 수정: 2025-08-11 17:32:47
2025-08-11 17:33:13,553 - INFO - 
2025-08-11 17:33:13,553 - INFO -    📄 TEST39001-4.wav
2025-08-11 17:33:13,555 - INFO -       📊 크기: 96,300 bytes (94.0 KB)
2025-08-11 17:33:13,556 - INFO -       ⏰ 수정: 2025-08-11 17:32:50
2025-08-11 17:33:13,557 - INFO - 
2025-08-11 17:33:13,558 - INFO -    📄 TEST39001-5.wav
2025-08-11 17:33:13,559 - INFO -       📊 크기: 96,300 bytes (94.0 KB)
2025-08-11 17:33:13,560 - INFO -       ⏰ 수정: 2025-08-11 17:32:53
2025-08-11 17:33:13,561 - INFO - 
2025-08-11 17:33:13,562 - INFO - 📊 총 6개의 WAV 파일이 발견되었습니다.
2025-08-11 17:33:13,563 - INFO - ============================================================
2025-08-11 17:33:13,565 - INFO - ✅ 설정 파일 로드 성공: config.ini
2025-08-11 17:33:13,567 - INFO - 📋 Supabase 설정을 config.ini에서 로드했습니다
2025-08-11 17:33:13,812 - INFO - ✅ Supabase 클라이언트 초기화 성공
2025-08-11 17:33:13,813 - INFO - 파일 모니터링 시작: ./record_sounds
2025-08-11 17:33:13,814 - INFO - API 엔드포인트: http://api-2424.bs-soft.co.kr/predict
2025-08-11 17:33:13,815 - INFO - 앱 서버 URL: http://localhost
2025-08-11 17:33:13,816 - INFO - Supabase URL: https://supastudio.bs-soft.co.kr
2025-08-11 17:33:13,820 - INFO - 🚀 파일 모니터링이 시작되었습니다. Ctrl+C로 종료하세요.
2025-08-11 17:33:24,354 - INFO - --------------------------------------------------
2025-08-11 17:33:24,355 - INFO - 📈 [파일 확장] TEST39001-2.wav
2025-08-11 17:33:24,356 - INFO -    📁 경로: ./record_sounds/TEST39001-2.wav
2025-08-11 17:33:24,356 - INFO -    📊 크기 변화: 8,192 → 96,300 bytes
2025-08-11 17:33:24,357 - INFO -    📈 변화량: +88,108 bytes (+86.0 KB)
2025-08-11 17:33:24,358 - INFO -    ⏰ 수정 시간: 2025-08-11 17:33:23
2025-08-11 17:33:24,359 - INFO - --------------------------------------------------
2025-08-11 17:33:24,360 - INFO - 📤 API 전송 시작: TEST39001-2.wav (96,300 bytes)
2025-08-11 17:33:24,428 - INFO - ✅ API 응답 성공: TEST39001-2.wav
2025-08-11 17:33:24,428 - INFO - 🔍 API 분석 결과:
2025-08-11 17:33:24,429 - INFO -    📄 파일: TEST39001-2.wav
2025-08-11 17:33:24,430 - INFO -    ✅ 상태: 성공
2025-08-11 17:33:24,430 - INFO -    📊 noise_type: 진공청소기소리
2025-08-11 17:33:24,431 - INFO -    📊 confidence: 0.5234153866767883
2025-08-11 17:33:24,432 - INFO -    📊 noise_level: 보통
2025-08-11 17:33:24,432 - INFO -    📊 db_value: -100.00000762939453
2025-08-11 17:33:24,433 - INFO - 🔍 소음 분석 결과 검토:
2025-08-11 17:33:24,433 - INFO -    📊 소음 레벨: 보통
2025-08-11 17:33:24,434 - INFO -    📊 소음 유형: 진공청소기소리
2025-08-11 17:33:24,435 - INFO - 🚨 소음 감지! 레벨: 보통, 유형: 진공청소기소리
2025-08-11 17:33:24,497 - INFO - HTTP Request: GET https://supastudio.bs-soft.co.kr/rest/v1/noise_level_settings?select=%2A "HTTP/2 200 OK"
2025-08-11 17:33:24,508 - INFO - 🎵 단계별 음원 재생 시작...
2025-08-11 17:33:24,521 - INFO - HTTP Request: GET https://supastudio.bs-soft.co.kr/rest/v1/noise_level_settings?select=%2A "HTTP/2 200 OK"
2025-08-11 17:33:24,523 - INFO - 🔍 음원 설정: {'주의': [{'sound_type': '진공청소기소리', 'sound_files': ['화이트 노이즈.wav', '핑크 노이즈.wav', '브라운 노이즈.wav']}], '보통': [{'sound_type': '진공청소기소리1', 'sound_files': ['폭포소리1.wav', '폭포소리2.wav', '계곡물소리1.wav', '계곡물소리2.wav']}, {'sound_type': '자연음', 'sound_files': ['새소리1.wav', '새소리2.wav', '새소리3.wav', '비소리1.wav', '비소리2.wav']}]}
2025-08-11 17:33:24,524 - ERROR - ❌ 음원 선택 중 오류: 'NoneType' object is not subscriptable
2025-08-11 17:33:24,524 - WARNING - ⚠️ 재생할 음원을 찾을 수 없습니다. 재생하지 않습니다.
2025-08-11 17:33:24,524 - INFO - ------------------------------
2025-08-11 17:33:30,854 - INFO - --------------------------------------------------
2025-08-11 17:33:30,854 - INFO - 📈 [파일 확장] TEST39001-4.wav
2025-08-11 17:33:30,855 - INFO -    📁 경로: ./record_sounds/TEST39001-4.wav
2025-08-11 17:33:30,855 - INFO -    📊 크기 변화: 94,208 → 96,300 bytes
2025-08-11 17:33:30,856 - INFO -    📈 변화량: +2,092 bytes (+2.0 KB)
2025-08-11 17:33:30,857 - INFO -    ⏰ 수정 시간: 2025-08-11 17:33:29
2025-08-11 17:33:30,858 - INFO - --------------------------------------------------
2025-08-11 17:33:30,858 - INFO - 📤 API 전송 시작: TEST39001-4.wav (96,300 bytes)
2025-08-11 17:33:30,919 - INFO - ✅ API 응답 성공: TEST39001-4.wav
2025-08-11 17:33:30,919 - INFO - 🔍 API 분석 결과:
2025-08-11 17:33:30,920 - INFO -    📄 파일: TEST39001-4.wav
2025-08-11 17:33:30,921 - INFO -    ✅ 상태: 성공
2025-08-11 17:33:30,921 - INFO -    📊 noise_type: 진공청소기소리
2025-08-11 17:33:30,921 - INFO -    📊 confidence: 0.5234153866767883
2025-08-11 17:33:30,921 - INFO -    📊 noise_level: 보통
2025-08-11 17:33:30,922 - INFO -    📊 db_value: -100.00000762939453
2025-08-11 17:33:30,922 - INFO - 🔍 소음 분석 결과 검토:
2025-08-11 17:33:30,922 - INFO -    📊 소음 레벨: 보통
2025-08-11 17:33:30,922 - INFO -    📊 소음 유형: 진공청소기소리
2025-08-11 17:33:30,923 - INFO - 🚨 소음 감지! 레벨: 보통, 유형: 진공청소기소리
2025-08-11 17:33:30,957 - INFO - HTTP Request: GET https://supastudio.bs-soft.co.kr/rest/v1/noise_level_settings?select=%2A "HTTP/2 200 OK"
2025-08-11 17:33:30,967 - INFO - 🎵 단계별 음원 재생 시작...
2025-08-11 17:33:30,980 - INFO - HTTP Request: GET https://supastudio.bs-soft.co.kr/rest/v1/noise_level_settings?select=%2A "HTTP/2 200 OK"
2025-08-11 17:33:30,982 - INFO - 🔍 음원 설정: {'주의': [{'sound_type': '진공청소기소리', 'sound_files': ['화이트 노이즈.wav', '핑크 노이즈.wav', '브라운 노이즈.wav']}], '보통': [{'sound_type': '자연음', 'sound_files': ['새소리1.wav', '새소리2.wav', '새소리3.wav', '비소리1.wav', '비소리2.wav']}, {'sound_type': '진공청소기소리', 'sound_files': ['폭포소리1.wav', '폭포소리2.wav', '계곡물소리1.wav', '계곡물소리2.wav']}]}
2025-08-11 17:33:30,982 - INFO - 🎵 보통 레벨 음원 선택: 계곡물소리1.wav (진공청소기소리)
2025-08-11 17:33:30,983 - INFO - 🛑 기존 재생 정지 요청
2025-08-11 17:33:30,983 - INFO -    📡 URL: http://localhost/control/stop
2025-08-11 17:33:31,024 - INFO - ✅ 기존 재생 정지 성공
2025-08-11 17:33:31,527 - INFO - 🔊 보통 레벨 음원 재생 시작: 계곡물소리1.wav
2025-08-11 17:33:31,527 - INFO -    📡 URL: http://localhost/control/play/ready/계곡물소리1.wav
2025-08-11 17:33:31,559 - INFO - ✅ 보통 레벨 음원 재생 성공: 계곡물소리1.wav
2025-08-11 17:33:31,560 - INFO - ------------------------------
2025-08-11 17:33:34,112 - INFO - --------------------------------------------------
2025-08-11 17:33:34,114 - INFO - 📝 [파일 작성 완료] TEST39001-5.wav
2025-08-11 17:33:34,116 - INFO -    📁 경로: ./record_sounds/TEST39001-5.wav
2025-08-11 17:33:34,117 - INFO -    📊 크기 변화: 0 → 96,300 bytes
2025-08-11 17:33:34,122 - INFO -    📈 변화량: +96,300 bytes (+94.0 KB)
2025-08-11 17:33:34,123 - INFO -    ⏰ 수정 시간: 2025-08-11 17:33:33
2025-08-11 17:33:34,124 - INFO - --------------------------------------------------
2025-08-11 17:33:34,125 - INFO - 📤 API 전송 시작: TEST39001-5.wav (96,300 bytes)
2025-08-11 17:33:34,191 - INFO - ✅ API 응답 성공: TEST39001-5.wav
2025-08-11 17:33:34,192 - INFO - 🔍 API 분석 결과:
2025-08-11 17:33:34,193 - INFO -    📄 파일: TEST39001-5.wav
2025-08-11 17:33:34,193 - INFO -    ✅ 상태: 성공
2025-08-11 17:33:34,193 - INFO -    📊 noise_type: 진공청소기소리
2025-08-11 17:33:34,195 - INFO -    📊 confidence: 0.5234153866767883
2025-08-11 17:33:34,195 - INFO -    📊 noise_level: 보통
2025-08-11 17:33:34,196 - INFO -    📊 db_value: -100.00000762939453
2025-08-11 17:33:34,196 - INFO - 🔍 소음 분석 결과 검토:
2025-08-11 17:33:34,196 - INFO -    📊 소음 레벨: 보통
2025-08-11 17:33:34,197 - INFO -    📊 소음 유형: 진공청소기소리
2025-08-11 17:33:34,197 - INFO - 🚨 소음 감지! 레벨: 보통, 유형: 진공청소기소리
2025-08-11 17:33:34,213 - INFO - HTTP Request: GET https://supastudio.bs-soft.co.kr/rest/v1/noise_level_settings?select=%2A "HTTP/2 200 OK"
2025-08-11 17:33:34,226 - INFO - 🎵 단계별 음원 재생 시작...
2025-08-11 17:33:34,241 - INFO - HTTP Request: GET https://supastudio.bs-soft.co.kr/rest/v1/noise_level_settings?select=%2A "HTTP/2 200 OK"
2025-08-11 17:33:34,243 - INFO - 🔍 음원 설정: {'주의': [{'sound_type': '진공청소기소리', 'sound_files': ['화이트 노이즈.wav', '핑크 노이즈.wav', '브라운 노이즈.wav']}], '보통': [{'sound_type': '자연음', 'sound_files': ['새소리1.wav', '새소리2.wav', '새소리3.wav', '비소리1.wav', '비소리2.wav']}, {'sound_type': '진공청소기소리', 'sound_files': ['폭포소리1.wav', '폭포소리2.wav', '계곡물소리1.wav', '계곡물소리2.wav']}]}
2025-08-11 17:33:34,243 - INFO - 🎵 보통 레벨 음원 선택: 폭포소리1.wav (진공청소기소리)
2025-08-11 17:33:34,244 - INFO - 🛑 기존 재생 정지 요청
2025-08-11 17:33:34,244 - INFO -    📡 URL: http://localhost/control/stop
2025-08-11 17:33:34,297 - INFO - ✅ 기존 재생 정지 성공
2025-08-11 17:33:34,798 - INFO - 🔊 보통 레벨 음원 재생 시작: 폭포소리1.wav
2025-08-11 17:33:34,798 - INFO -    📡 URL: http://localhost/control/play/ready/폭포소리1.wav
2025-08-11 17:33:34,825 - INFO - ✅ 보통 레벨 음원 재생 성공: 폭포소리1.wav
2025-08-11 17:33:34,825 - INFO - ------------------------------
2025-08-11 17:33:37,354 - INFO - --------------------------------------------------
2025-08-11 17:33:37,355 - INFO - 📈 [파일 확장] TEST39001-0.wav
2025-08-11 17:33:37,355 - INFO -    📁 경로: ./record_sounds/TEST39001-0.wav
2025-08-11 17:33:37,355 - INFO -    📊 크기 변화: 57,344 → 96,300 bytes
2025-08-11 17:33:37,356 - INFO -    📈 변화량: +38,956 bytes (+38.0 KB)
2025-08-11 17:33:37,356 - INFO -    ⏰ 수정 시간: 2025-08-11 17:33:36
2025-08-11 17:33:37,356 - INFO - --------------------------------------------------
2025-08-11 17:33:37,357 - INFO - 📤 API 전송 시작: TEST39001-0.wav (96,300 bytes)
2025-08-11 17:33:37,415 - INFO - ✅ API 응답 성공: TEST39001-0.wav
2025-08-11 17:33:37,416 - INFO - 🔍 API 분석 결과:
2025-08-11 17:33:37,417 - INFO -    📄 파일: TEST39001-0.wav
2025-08-11 17:33:37,417 - INFO -    ✅ 상태: 성공
2025-08-11 17:33:37,418 - INFO -    📊 noise_type: 진공청소기소리
2025-08-11 17:33:37,418 - INFO -    📊 confidence: 0.5234153866767883
2025-08-11 17:33:37,418 - INFO -    📊 noise_level: 보통
2025-08-11 17:33:37,419 - INFO -    📊 db_value: -100.00000762939453
2025-08-11 17:33:37,419 - INFO - 🔍 소음 분석 결과 검토:
2025-08-11 17:33:37,420 - INFO -    📊 소음 레벨: 보통
2025-08-11 17:33:37,420 - INFO -    📊 소음 유형: 진공청소기소리
2025-08-11 17:33:37,420 - INFO - 🚨 소음 감지! 레벨: 보통, 유형: 진공청소기소리
2025-08-11 17:33:37,437 - INFO - HTTP Request: GET https://supastudio.bs-soft.co.kr/rest/v1/noise_level_settings?select=%2A "HTTP/2 200 OK"
2025-08-11 17:33:37,447 - INFO - 🎵 단계별 음원 재생 시작...
2025-08-11 17:33:37,460 - INFO - HTTP Request: GET https://supastudio.bs-soft.co.kr/rest/v1/noise_level_settings?select=%2A "HTTP/2 200 OK"
2025-08-11 17:33:37,462 - INFO - 🔍 음원 설정: {'경고': [{'sound_type': '진공청소기소리', 'sound_files': ['폭포소리1.wav', '폭포소리2.wav', '계곡물소리1.wav', '계곡물소리2.wav']}], '주의': [{'sound_type': '진공청소기소리', 'sound_files': ['화이트 노이즈.wav', '핑크 노이즈.wav', '브라운 노이즈.wav']}], '보통': [{'sound_type': '자연음', 'sound_files': ['새소리1.wav', '새소리2.wav', '새소리3.wav', '비소리1.wav', '비소리2.wav']}]}
2025-08-11 17:33:37,462 - ERROR - ❌ 음원 선택 중 오류: 'NoneType' object is not subscriptable
2025-08-11 17:33:37,463 - WARNING - ⚠️ 재생할 음원을 찾을 수 없습니다. 재생하지 않습니다.
2025-08-11 17:33:37,463 - INFO - ------------------------------
2025-08-11 17:33:43,858 - INFO - --------------------------------------------------
2025-08-11 17:33:43,859 - INFO - 📈 [파일 확장] TEST39001-2.wav
2025-08-11 17:33:43,860 - INFO -    📁 경로: ./record_sounds/TEST39001-2.wav
2025-08-11 17:33:43,861 - INFO -    📊 크기 변화: 20,480 → 96,300 bytes
2025-08-11 17:33:43,862 - INFO -    📈 변화량: +75,820 bytes (+74.0 KB)
2025-08-11 17:33:43,862 - INFO -    ⏰ 수정 시간: 2025-08-11 17:33:42
2025-08-11 17:33:43,863 - INFO - --------------------------------------------------
2025-08-11 17:33:43,864 - INFO - 📤 API 전송 시작: TEST39001-2.wav (96,300 bytes)
2025-08-11 17:33:43,924 - INFO - ✅ API 응답 성공: TEST39001-2.wav
2025-08-11 17:33:43,924 - INFO - 🔍 API 분석 결과:
2025-08-11 17:33:43,925 - INFO -    📄 파일: TEST39001-2.wav
2025-08-11 17:33:43,925 - INFO -    ✅ 상태: 성공
2025-08-11 17:33:43,925 - INFO -    📊 noise_type: 진공청소기소리
2025-08-11 17:33:43,926 - INFO -    📊 confidence: 0.5234153866767883
2025-08-11 17:33:43,927 - INFO -    📊 noise_level: 보통
2025-08-11 17:33:43,927 - INFO -    📊 db_value: -100.00000762939453
2025-08-11 17:33:43,927 - INFO - 🔍 소음 분석 결과 검토:
2025-08-11 17:33:43,927 - INFO -    📊 소음 레벨: 보통
2025-08-11 17:33:43,928 - INFO -    📊 소음 유형: 진공청소기소리
2025-08-11 17:33:43,928 - INFO - 🚨 소음 감지! 레벨: 보통, 유형: 진공청소기소리
2025-08-11 17:33:43,962 - INFO - HTTP Request: GET https://supastudio.bs-soft.co.kr/rest/v1/noise_level_settings?select=%2A "HTTP/2 200 OK"
2025-08-11 17:33:43,972 - INFO - 🎵 단계별 음원 재생 시작...
2025-08-11 17:33:43,984 - INFO - HTTP Request: GET https://supastudio.bs-soft.co.kr/rest/v1/noise_level_settings?select=%2A "HTTP/2 200 OK"
2025-08-11 17:33:43,985 - INFO - 🔍 음원 설정: {'경고': [{'sound_type': '진공청소기소리', 'sound_files': ['폭포소리1.wav', '폭포소리2.wav', '계곡물소리1.wav', '계곡물소리2.wav']}], '주의': [{'sound_type': '진공청소기소리', 'sound_files': ['화이트 노이즈.wav', '핑크 노이즈.wav', '브라운 노이즈.wav']}], '보통': [{'sound_type': '자연음', 'sound_files': ['새소리1.wav', '새소리2.wav', '새소리3.wav', '비소리1.wav', '비소리2.wav']}]}
2025-08-11 17:33:43,986 - ERROR - ❌ 음원 선택 중 오류: 'NoneType' object is not subscriptable
2025-08-11 17:33:43,986 - WARNING - ⚠️ 재생할 음원을 찾을 수 없습니다. 재생하지 않습니다.
2025-08-11 17:33:43,986 - INFO - ------------------------------
2025-08-11 17:33:50,111 - INFO - --------------------------------------------------
2025-08-11 17:33:50,112 - INFO - 📈 [파일 확장] TEST39001-4.wav
2025-08-11 17:33:50,112 - INFO -    📁 경로: ./record_sounds/TEST39001-4.wav
2025-08-11 17:33:50,113 - INFO -    📊 크기 변화: 90,112 → 96,300 bytes
2025-08-11 17:33:50,115 - INFO -    📈 변화량: +6,188 bytes (+6.0 KB)
2025-08-11 17:33:50,116 - INFO -    ⏰ 수정 시간: 2025-08-11 17:33:49
2025-08-11 17:33:50,117 - INFO - --------------------------------------------------
2025-08-11 17:33:50,118 - INFO - 📤 API 전송 시작: TEST39001-4.wav (96,300 bytes)
2025-08-11 17:33:50,179 - INFO - ✅ API 응답 성공: TEST39001-4.wav
2025-08-11 17:33:50,180 - INFO - 🔍 API 분석 결과:
2025-08-11 17:33:50,181 - INFO -    📄 파일: TEST39001-4.wav
2025-08-11 17:33:50,182 - INFO -    ✅ 상태: 성공
2025-08-11 17:33:50,183 - INFO -    📊 noise_type: 진공청소기소리
2025-08-11 17:33:50,183 - INFO -    📊 confidence: 0.5234153866767883
2025-08-11 17:33:50,184 - INFO -    📊 noise_level: 보통
2025-08-11 17:33:50,185 - INFO -    📊 db_value: -100.00000762939453
2025-08-11 17:33:50,185 - INFO - 🔍 소음 분석 결과 검토:
2025-08-11 17:33:50,186 - INFO -    📊 소음 레벨: 보통
2025-08-11 17:33:50,187 - INFO -    📊 소음 유형: 진공청소기소리
2025-08-11 17:33:50,188 - INFO - 🚨 소음 감지! 레벨: 보통, 유형: 진공청소기소리
2025-08-11 17:33:50,235 - INFO - HTTP Request: GET https://supastudio.bs-soft.co.kr/rest/v1/noise_level_settings?select=%2A "HTTP/2 200 OK"
2025-08-11 17:33:50,252 - INFO - 🎵 단계별 음원 재생 시작...
2025-08-11 17:33:50,268 - INFO - HTTP Request: GET https://supastudio.bs-soft.co.kr/rest/v1/noise_level_settings?select=%2A "HTTP/2 200 OK"
2025-08-11 17:33:50,271 - INFO - 🔍 음원 설정: {'경고': [{'sound_type': '진공청소기소리', 'sound_files': ['폭포소리1.wav', '폭포소리2.wav', '계곡물소리1.wav', '계곡물소리2.wav']}], '주의': [{'sound_type': '진공청소기소리', 'sound_files': ['화이트 노이즈.wav', '핑크 노이즈.wav', '브라운 노이즈.wav']}], '보통': [{'sound_type': '자연음', 'sound_files': ['새소리1.wav', '새소리2.wav', '새소리3.wav', '비소리1.wav', '비소리2.wav']}]}
2025-08-11 17:33:50,272 - ERROR - ❌ 음원 선택 중 오류: 'NoneType' object is not subscriptable
2025-08-11 17:33:50,272 - WARNING - ⚠️ 재생할 음원을 찾을 수 없습니다. 재생하지 않습니다.
2025-08-11 17:33:50,273 - INFO - ------------------------------
2025-08-11 17:34:06,103 - INFO - --------------------------------------------------
2025-08-11 17:34:06,104 - INFO - 📈 [파일 확장] TEST39001-3.wav
2025-08-11 17:34:06,104 - INFO -    📁 경로: ./record_sounds/TEST39001-3.wav
2025-08-11 17:34:06,104 - INFO -    📊 크기 변화: 44 → 96,300 bytes
2025-08-11 17:34:06,105 - INFO -    📈 변화량: +96,256 bytes (+94.0 KB)
2025-08-11 17:34:06,105 - INFO -    ⏰ 수정 시간: 2025-08-11 17:34:05
2025-08-11 17:34:06,105 - INFO - --------------------------------------------------
2025-08-11 17:34:06,106 - INFO - 📤 API 전송 시작: TEST39001-3.wav (96,300 bytes)
2025-08-11 17:34:06,170 - INFO - ✅ API 응답 성공: TEST39001-3.wav
2025-08-11 17:34:06,171 - INFO - 🔍 API 분석 결과:
2025-08-11 17:34:06,172 - INFO -    📄 파일: TEST39001-3.wav
2025-08-11 17:34:06,173 - INFO -    ✅ 상태: 성공
2025-08-11 17:34:06,173 - INFO -    📊 noise_type: 진공청소기소리
2025-08-11 17:34:06,174 - INFO -    📊 confidence: 0.5234153866767883
2025-08-11 17:34:06,174 - INFO -    📊 noise_level: 보통
2025-08-11 17:34:06,175 - INFO -    📊 db_value: -100.00000762939453
2025-08-11 17:34:06,175 - INFO - 🔍 소음 분석 결과 검토:
2025-08-11 17:34:06,176 - INFO -    📊 소음 레벨: 보통
2025-08-11 17:34:06,177 - INFO -    📊 소음 유형: 진공청소기소리
2025-08-11 17:34:06,177 - INFO - 🚨 소음 감지! 레벨: 보통, 유형: 진공청소기소리
2025-08-11 17:34:06,215 - INFO - HTTP Request: GET https://supastudio.bs-soft.co.kr/rest/v1/noise_level_settings?select=%2A "HTTP/2 200 OK"
2025-08-11 17:34:06,225 - INFO - 🎵 단계별 음원 재생 시작...
2025-08-11 17:34:06,238 - INFO - HTTP Request: GET https://supastudio.bs-soft.co.kr/rest/v1/noise_level_settings?select=%2A "HTTP/2 200 OK"
2025-08-11 17:34:06,240 - INFO - 🔍 음원 설정: {'경고': [{'sound_type': '진공청소기소리', 'sound_files': ['폭포소리1.wav', '폭포소리2.wav', '계곡물소리1.wav', '계곡물소리2.wav']}], '주의': [{'sound_type': '진공청소기소리', 'sound_files': ['화이트 노이즈.wav', '핑크 노이즈.wav', '브라운 노이즈.wav']}], '보통': [{'sound_type': '자연음', 'sound_files': ['새소리1.wav', '새소리2.wav', '새소리3.wav', '비소리1.wav', '비소리2.wav']}]}
2025-08-11 17:34:06,241 - ERROR - ❌ 음원 선택 중 오류: 'NoneType' object is not subscriptable
2025-08-11 17:34:06,242 - WARNING - ⚠️ 재생할 음원을 찾을 수 없습니다. 재생하지 않습니다.
2025-08-11 17:34:06,242 - INFO - ------------------------------
2025-08-11 17:34:22,108 - INFO - --------------------------------------------------
2025-08-11 17:34:22,109 - INFO - 📈 [파일 확장] TEST39001-2.wav
2025-08-11 17:34:22,110 - INFO -    📁 경로: ./record_sounds/TEST39001-2.wav
2025-08-11 17:34:22,111 - INFO -    📊 크기 변화: 90,112 → 96,300 bytes
2025-08-11 17:34:22,112 - INFO -    📈 변화량: +6,188 bytes (+6.0 KB)
2025-08-11 17:34:22,113 - INFO -    ⏰ 수정 시간: 2025-08-11 17:34:21
2025-08-11 17:34:22,114 - INFO - --------------------------------------------------
2025-08-11 17:34:22,115 - INFO - 📤 API 전송 시작: TEST39001-2.wav (96,300 bytes)
2025-08-11 17:34:22,183 - INFO - ✅ API 응답 성공: TEST39001-2.wav
2025-08-11 17:34:22,185 - INFO - 🔍 API 분석 결과:
2025-08-11 17:34:22,186 - INFO -    📄 파일: TEST39001-2.wav
2025-08-11 17:34:22,187 - INFO -    ✅ 상태: 성공
2025-08-11 17:34:22,189 - INFO -    📊 noise_type: 진공청소기소리
2025-08-11 17:34:22,191 - INFO -    📊 confidence: 0.5234153866767883
2025-08-11 17:34:22,192 - INFO -    📊 noise_level: 보통
2025-08-11 17:34:22,193 - INFO -    📊 db_value: -100.00000762939453
2025-08-11 17:34:22,194 - INFO - 🔍 소음 분석 결과 검토:
2025-08-11 17:34:22,195 - INFO -    📊 소음 레벨: 보통
2025-08-11 17:34:22,196 - INFO -    📊 소음 유형: 진공청소기소리
2025-08-11 17:34:22,197 - INFO - 🚨 소음 감지! 레벨: 보통, 유형: 진공청소기소리
2025-08-11 17:34:22,253 - INFO - HTTP Request: GET https://supastudio.bs-soft.co.kr/rest/v1/noise_level_settings?select=%2A "HTTP/2 200 OK"
2025-08-11 17:34:22,267 - INFO - 🎵 단계별 음원 재생 시작...
2025-08-11 17:34:22,282 - INFO - HTTP Request: GET https://supastudio.bs-soft.co.kr/rest/v1/noise_level_settings?select=%2A "HTTP/2 200 OK"
2025-08-11 17:34:22,284 - INFO - 🔍 음원 설정: {'경고': [{'sound_type': '진공청소기소리', 'sound_files': ['폭포소리1.wav', '폭포소리2.wav', '계곡물소리1.wav', '계곡물소리2.wav']}], '주의': [{'sound_type': '진공청소기소리', 'sound_files': ['화이트 노이즈.wav', '핑크 노이즈.wav', '브라운 노이즈.wav']}], '보통': [{'sound_type': '자연음', 'sound_files': ['새소리1.wav', '새소리2.wav', '새소리3.wav', '비소리1.wav', '비소리2.wav']}]}
2025-08-11 17:34:22,285 - ERROR - ❌ 음원 선택 중 오류: 'NoneType' object is not subscriptable
2025-08-11 17:34:22,286 - WARNING - ⚠️ 재생할 음원을 찾을 수 없습니다. 재생하지 않습니다.
2025-08-11 17:34:22,287 - INFO - ------------------------------
2025-08-11 17:34:31,604 - INFO - --------------------------------------------------
2025-08-11 17:34:31,604 - INFO - 📈 [파일 확장] TEST39001-5.wav
2025-08-11 17:34:31,604 - INFO -    📁 경로: ./record_sounds/TEST39001-5.wav
2025-08-11 17:34:31,605 - INFO -    📊 크기 변화: 94,208 → 96,300 bytes
2025-08-11 17:34:31,605 - INFO -    📈 변화량: +2,092 bytes (+2.0 KB)
2025-08-11 17:34:31,605 - INFO -    ⏰ 수정 시간: 2025-08-11 17:34:30
2025-08-11 17:34:31,605 - INFO - --------------------------------------------------
2025-08-11 17:34:31,606 - INFO - 📤 API 전송 시작: TEST39001-5.wav (96,300 bytes)
2025-08-11 17:34:31,663 - INFO - ✅ API 응답 성공: TEST39001-5.wav
2025-08-11 17:34:31,664 - INFO - 🔍 API 분석 결과:
2025-08-11 17:34:31,665 - INFO -    📄 파일: TEST39001-5.wav
2025-08-11 17:34:31,665 - INFO -    ✅ 상태: 성공
2025-08-11 17:34:31,665 - INFO -    📊 noise_type: 진공청소기소리
2025-08-11 17:34:31,665 - INFO -    📊 confidence: 0.5234153866767883
2025-08-11 17:34:31,665 - INFO -    📊 noise_level: 보통
2025-08-11 17:34:31,666 - INFO -    📊 db_value: -100.00000762939453
2025-08-11 17:34:31,666 - INFO - 🔍 소음 분석 결과 검토:
2025-08-11 17:34:31,666 - INFO -    📊 소음 레벨: 보통
2025-08-11 17:34:31,666 - INFO -    📊 소음 유형: 진공청소기소리
2025-08-11 17:34:31,666 - INFO - 🚨 소음 감지! 레벨: 보통, 유형: 진공청소기소리
2025-08-11 17:34:31,703 - INFO - HTTP Request: GET https://supastudio.bs-soft.co.kr/rest/v1/noise_level_settings?select=%2A "HTTP/2 200 OK"
2025-08-11 17:34:31,712 - INFO - 🎵 단계별 음원 재생 시작...
2025-08-11 17:34:31,725 - INFO - HTTP Request: GET https://supastudio.bs-soft.co.kr/rest/v1/noise_level_settings?select=%2A "HTTP/2 200 OK"
2025-08-11 17:34:31,726 - INFO - 🔍 음원 설정: {'경고': [{'sound_type': '진공청소기소리', 'sound_files': ['폭포소리1.wav', '폭포소리2.wav', '계곡물소리1.wav', '계곡물소리2.wav']}], '주의': [{'sound_type': '진공청소기소리', 'sound_files': ['화이트 노이즈.wav', '핑크 노이즈.wav', '브라운 노이즈.wav']}], '보통': [{'sound_type': '자연음', 'sound_files': ['새소리1.wav', '새소리2.wav', '새소리3.wav', '비소리1.wav', '비소리2.wav']}]}
2025-08-11 17:34:31,727 - ERROR - ❌ 음원 선택 중 오류: 'NoneType' object is not subscriptable
2025-08-11 17:34:31,727 - WARNING - ⚠️ 재생할 음원을 찾을 수 없습니다. 재생하지 않습니다.
2025-08-11 17:34:31,727 - INFO - ------------------------------
